2021-02-10 16:03:58,224 - instabot version: 0.117.0 (bot) - INFO - Instabot version: 0.117.0 Started
2021-02-10 16:03:58,224 - instabot version: 0.117.0 (bot) - DEBUG - Bot imported from C:\Program Files\Python39\lib\site-packages\instabot\bot\bot.py
2021-02-10 16:03:58,225 - instabot version: 0.117.0 (api_login) - INFO - Not yet logged in starting: PRE-LOGIN FLOW!
2021-02-10 16:03:59,015 - instabot version: 0.117.0 (api) - DEBUG - POST to endpoint: accounts/get_prefill_candidates/ returned response: <Response [200]>
2021-02-10 16:03:59,450 - instabot version: 0.117.0 (api) - DEBUG - POST to endpoint: qe/sync/ returned response: <Response [200]>
2021-02-10 16:03:59,870 - instabot version: 0.117.0 (api) - DEBUG - POST to endpoint: launcher/sync/ returned response: <Response [200]>
2021-02-10 16:04:00,258 - instabot version: 0.117.0 (api) - DEBUG - POST to endpoint: accounts/contact_point_prefill/ returned response: <Response [200]>
2021-02-10 16:04:04,039 - instabot version: 0.117.0 (api) - DEBUG - POST to endpoint: accounts/login/ returned response: <Response [200]>
2021-02-10 16:04:04,039 - instabot version: 0.117.0 (api) - INFO - Logged-in successfully as 'nicoolas_gomezz'!
2021-02-10 16:04:04,040 - instabot version: 0.117.0 (api_login) - INFO - LOGIN FLOW! Just logged-in: True
2021-02-10 16:04:04,496 - instabot version: 0.117.0 (api) - DEBUG - POST to endpoint: qe/sync/ returned response: <Response [200]>
2021-02-10 16:04:05,106 - instabot version: 0.117.0 (api) - DEBUG - POST to endpoint: launcher/sync/ returned response: <Response [200]>
2021-02-10 16:04:05,513 - instabot version: 0.117.0 (api) - DEBUG - GET to endpoint: zr/token/result/?device_id=android-b56950ab1e0c370c&token_hash=&custom_device_id=android-b56950ab1e0c370c&fetch_reason=token_expired returned response: <Response [200]>
2021-02-10 16:04:05,952 - instabot version: 0.117.0 (api) - DEBUG - GET to endpoint: multiple_accounts/get_account_family/ returned response: <Response [200]>
2021-02-10 16:04:06,420 - instabot version: 0.117.0 (api) - DEBUG - POST to endpoint: qe/sync/ returned response: <Response [200]>
2021-02-10 16:04:07,406 - instabot version: 0.117.0 (api) - DEBUG - GET to endpoint: igtv/browse_feed/?prefetch=1 returned response: <Response [200]>
2021-02-10 16:04:07,833 - instabot version: 0.117.0 (api) - DEBUG - POST to endpoint: creatives/ar_class/ returned response: <Response [200]>
2021-02-10 16:04:09,299 - instabot version: 0.117.0 (api) - DEBUG - POST to endpoint: feed/reels_tray/ returned response: <Response [200]>
2021-02-10 16:04:16,300 - instabot version: 0.117.0 (api) - DEBUG - POST to endpoint: feed/timeline/ returned response: <Response [200]>
2021-02-10 16:04:16,733 - instabot version: 0.117.0 (api) - DEBUG - GET to endpoint: media/blocked/ returned response: <Response [200]>
2021-02-10 16:04:17,776 - instabot version: 0.117.0 (api) - DEBUG - GET to endpoint: news/inbox/ returned response: <Response [200]>
2021-02-10 16:04:18,240 - instabot version: 0.117.0 (api) - DEBUG - GET to endpoint: loom/fetch_config/ returned response: <Response [200]>
2021-02-10 16:04:22,518 - instabot version: 0.117.0 (api) - DEBUG - GET to endpoint: scores/bootstrap/users/?surfaces=["autocomplete_user_list","coefficient_besties_list_ranking","coefficient_rank_recipient_user_suggestion","coefficient_ios_section_test_bootstrap_ranking","coefficient_direct_recipients_ranking_variant_2"] returned response: <Response [200]>
2021-02-10 16:04:22,947 - instabot version: 0.117.0 (api) - DEBUG - GET to endpoint: business/eligibility/get_monetization_products_eligibility_data/?product_types=branded_content returned response: <Response [200]>
2021-02-10 16:04:23,397 - instabot version: 0.117.0 (api) - DEBUG - GET to endpoint: business/branded_content/should_require_professional_account/ returned response: <Response [200]>
2021-02-10 16:04:23,892 - instabot version: 0.117.0 (api) - DEBUG - GET to endpoint: linked_accounts/get_linkage_status/ returned response: <Response [200]>
2021-02-10 16:04:24,300 - instabot version: 0.117.0 (api) - DEBUG - GET to endpoint: locations/request_country/ returned response: <Response [200]>
2021-02-10 16:04:24,703 - instabot version: 0.117.0 (api) - DEBUG - GET to endpoint: qp/get_cooldowns/?signed_body=signed_body=4b9c516a5410a3bc128e09c6104a7f042146b9c2023870560c63a43a7f66781c.4&ig_sig_key_version=4&ig_sig_key_version=4 returned response: <Response [200]>
2021-02-10 16:04:25,111 - instabot version: 0.117.0 (api) - DEBUG - GET to endpoint: users/arlink_download_info/?version_override=2.2.1 returned response: <Response [200]>
2021-02-10 16:04:25,755 - instabot version: 0.117.0 (api) - DEBUG - GET to endpoint: users/1576151663/info/ returned response: <Response [200]>
2021-02-10 16:04:26,546 - instabot version: 0.117.0 (api) - DEBUG - GET to endpoint: direct_v2/get_presence/ returned response: <Response [200]>
2021-02-10 16:04:28,780 - instabot version: 0.117.0 (api) - DEBUG - GET to endpoint: direct_v2/inbox/?visual_message_return_type=unseen&thread_message_limit=10&persistentBadging=true&limit=20 returned response: <Response [200]>
2021-02-10 16:04:29,346 - instabot version: 0.117.0 (api) - DEBUG - GET to endpoint: direct_v2/inbox/?visual_message_return_type=unseen&persistentBadging=true&limit=0 returned response: <Response [200]>
2021-02-10 16:04:31,477 - instabot version: 0.117.0 (api) - DEBUG - GET to endpoint: discover/topical_explore/?is_prefetch=true&omit_cover_media=true&use_sectional_payload=true&timezone_offset=0&session_id=3894fc79-6c99-46e4-a83b-b1aa90b09a95&include_fixed_destinations=true returned response: <Response [200]>
2021-02-10 16:04:31,908 - instabot version: 0.117.0 (api) - DEBUG - POST to endpoint: notifications/badge/ returned response: <Response [200]>
2021-02-10 16:04:32,489 - instabot version: 0.117.0 (api) - DEBUG - POST to endpoint: qp/batch_fetch/ returned response: <Response [200]>
2021-02-10 16:04:32,491 - instabot version: 0.117.0 (bot_checkpoint) - DEBUG - Loading Checkpoint file from: C:\Users\Nicolas\Documents\Cientifico-Datos-ISPC\Programacion I\Instagram bot/config/nicoolas_gomezz.checkpoint
2021-02-10 16:04:32,491 - instabot version: 0.117.0 (bot_follow) - INFO - Follow followers of: senior_tester
2021-02-10 16:04:33,030 - instabot version: 0.117.0 (api) - DEBUG - GET to endpoint: users/senior_tester/usernameinfo/ returned response: <Response [200]>
2021-02-10 16:04:34,148 - instabot version: 0.117.0 (api) - DEBUG - GET to endpoint: users/5763873796/info/ returned response: <Response [200]>
2021-02-10 16:04:35,104 - instabot version: 0.117.0 (api) - DEBUG - GET to endpoint: friendships/5763873796/followers/?rank_token=1576151663_5e3389fc-961f-4438-8299-38e8f2238419 returned response: <Response [200]>
2021-02-10 16:04:35,703 - instabot version: 0.117.0 (api) - DEBUG - GET to endpoint: friendships/5763873796/followers/?rank_token=1576151663_5e3389fc-961f-4438-8299-38e8f2238419&max_id=QVFESWJCYjVISl9CSmV0N1FrYzRibVNVOFZPZE1xbHk1U0tmT0d4VUkyaFdLcUdadUhzZVlGZXFJdl9jcVhXYldIdzdxa1d4eGllV240V0tpanpmN0t2eQ== returned response: <Response [200]>
2021-02-10 16:04:36,270 - instabot version: 0.117.0 (api) - DEBUG - GET to endpoint: friendships/5763873796/followers/?rank_token=1576151663_5e3389fc-961f-4438-8299-38e8f2238419&max_id=QVFCX1ZlQllDX0hzTzRvVHc0YnZmWllYMzJJdC1VRkk3OXVqM2paX2d2NFh0TDR2MmFjQzgtbG5lVGNPMkdFeFByenloZk9sYXFELUg0Vy1ZdkJDcEM4eQ== returned response: <Response [200]>
2021-02-10 16:04:36,790 - instabot version: 0.117.0 (api) - DEBUG - GET to endpoint: friendships/5763873796/followers/?rank_token=1576151663_5e3389fc-961f-4438-8299-38e8f2238419&max_id=QVFCQUZUVnF1NDVGV3lZemt2T0pfTU9pX213V3JTdTg2enJrQklucGduVTRVaDVmazY3WWZGeEc0Z2ZET21BTWN5U1JENVU4MnYwTkFoSTZFNGh0T1Z2Xw== returned response: <Response [200]>
2021-02-10 16:04:37,403 - instabot version: 0.117.0 (api) - DEBUG - GET to endpoint: friendships/5763873796/followers/?rank_token=1576151663_5e3389fc-961f-4438-8299-38e8f2238419&max_id=QVFDTjF0aWdUT2hyOXY1VnBMcnFUc0p2V1NscjdqaFlpOFpWSXVhcmUwNVF1cW1tSUY4aHVuRmxQQjBBZ0ZEV2F5WFVUUGNNcnU3TFM4OEtka19LWnFWYw== returned response: <Response [200]>
2021-02-10 16:04:37,981 - instabot version: 0.117.0 (api) - DEBUG - GET to endpoint: friendships/5763873796/followers/?rank_token=1576151663_5e3389fc-961f-4438-8299-38e8f2238419&max_id=QVFETG14bFdxS2Z1YWdEV0tqaFcwR205bUpCaXU3aFY3dlBwbGZQOHNudUpiWkxBTGVzUUpkRjdzN0tzdVpUVkF6UGlCdGdGSjQ1YlBRR3VnU0pNRG9rRw== returned response: <Response [200]>
2021-02-10 16:04:38,525 - instabot version: 0.117.0 (api) - DEBUG - GET to endpoint: friendships/5763873796/followers/?rank_token=1576151663_5e3389fc-961f-4438-8299-38e8f2238419&max_id=QVFEQmRwM2U3WXdYdGJmQWc3eExSM2VZblVvTWp1aFpmS3NqQkZXOVAyQ0U1Q09sQ3d0eFNkVWQ3ZWtXdHRPR2YtVUZVWV9pdk5oNXdoLVpJd0xMQ2dESQ== returned response: <Response [200]>
2021-02-10 16:04:39,055 - instabot version: 0.117.0 (api) - DEBUG - GET to endpoint: friendships/5763873796/followers/?rank_token=1576151663_5e3389fc-961f-4438-8299-38e8f2238419&max_id=QVFCLVVfZGF2X2Z4ckFKV0JBakdsNmRBS0tjRkxpck5rTDgwaVRkT1NDbHU4RmJmbWtnQW05ZTQ2Um5kTGRGRUxkY1IzdVZtN1lmcERxal9tbTZDZW1mcw== returned response: <Response [200]>
2021-02-10 16:04:39,586 - instabot version: 0.117.0 (api) - DEBUG - GET to endpoint: friendships/5763873796/followers/?rank_token=1576151663_5e3389fc-961f-4438-8299-38e8f2238419&max_id=QVFBU2pBLTlnYjEwTFdGcE9ESE9LWm9Va0NmcFh0YmxuaGFLQmFCb2Y4ZlQ0WVM0TzhNeXlnUno2UEE5TDl4RXktZkZoU0lLSnBVb0IxM2xRT3ZERENjdw== returned response: <Response [200]>
2021-02-10 16:04:40,170 - instabot version: 0.117.0 (api) - DEBUG - GET to endpoint: friendships/5763873796/followers/?rank_token=1576151663_5e3389fc-961f-4438-8299-38e8f2238419&max_id=QVFDZUtRT1l2aWtkNFk1RElOelp1WmwycVVjSms0dDBQTWZYOXVYTkRaQmNqSm5IVkdsb05lMlFZNm0xeGR0T0oweUs3ZzMwZmJsVmRTLUowdWJybWRybw== returned response: <Response [200]>
2021-02-10 16:04:43,050 - instabot version: 0.117.0 (api) - DEBUG - GET to endpoint: friendships/5763873796/followers/?rank_token=1576151663_5e3389fc-961f-4438-8299-38e8f2238419&max_id=QVFDckhzRmZiRVpIT3JJN0l6OFFOZlhKNzhFZjBxNGc0N0FpenRLU3hXWDhEXzRsWnVlc3BaRzhlQW9IYTJLZ09OcndDZ0VZTHMwSUNTNlU3VGhoZUxoWg== returned response: <Response [200]>
2021-02-10 16:04:43,574 - instabot version: 0.117.0 (api) - DEBUG - GET to endpoint: friendships/5763873796/followers/?rank_token=1576151663_5e3389fc-961f-4438-8299-38e8f2238419&max_id=QVFEZkhHTzc5YXp2b1VBZkVpWHpPd0pJbEU5cUtYNFNoMWZaZ19YRWRjZFp1X0tXa3hCcUxYal9wNzRPSE45TDRuQ3dGN3NvNHdrWlF0dFMydGJXWVUwMg== returned response: <Response [200]>
2021-02-10 16:04:44,129 - instabot version: 0.117.0 (api) - DEBUG - GET to endpoint: friendships/5763873796/followers/?rank_token=1576151663_5e3389fc-961f-4438-8299-38e8f2238419&max_id=QVFBV0dkTThrTW85bm1KQ3huQmhEYTBVSkdUdU9xbEROUHRhTVF1b3lYQ1lZRFBjZDN0WXN0QzJIUUFvRFQteThUaGFuaGhJOHFKNWRVUnlwZXp5bHBRMg== returned response: <Response [200]>
2021-02-10 16:04:44,638 - instabot version: 0.117.0 (api) - DEBUG - GET to endpoint: friendships/5763873796/followers/?rank_token=1576151663_5e3389fc-961f-4438-8299-38e8f2238419&max_id=QVFBbXBSY2VKeGdMa3dIOE93akVNUHhWZzFLM0RXQjFfb1BkNkl1VnRCSnFOeHRKWWRGVkJDVnIwU2JYd0VITXN0Y2xkSV9Dd2hlRFRzck04X19fSzlJRw== returned response: <Response [200]>
2021-02-10 16:04:45,228 - instabot version: 0.117.0 (api) - DEBUG - GET to endpoint: friendships/5763873796/followers/?rank_token=1576151663_5e3389fc-961f-4438-8299-38e8f2238419&max_id=QVFBM3AzWVpGM091QTVqTEJ3cklCZmRRY0NLa2pxY25VNG9pUVMxTDJqUkdWeC1oWWRmclJfU3NDRnhuQXBSdEtaN0FZYkI2U1BnZGIwX01pTjdqUElYVA== returned response: <Response [200]>
2021-02-10 16:04:45,790 - instabot version: 0.117.0 (api) - DEBUG - GET to endpoint: friendships/5763873796/followers/?rank_token=1576151663_5e3389fc-961f-4438-8299-38e8f2238419&max_id=QVFBUVJ2S3prUm9xdWtPcW1qWHRJQlExOWpDSjFqbV9OY3dtaXB4NXc0ajhscmJXMnlfSExHSGkzcDFwWkQwS3BmbUE4Zzh4RnlxMFU3RFVDTTk5MjhpRQ== returned response: <Response [200]>
2021-02-10 16:04:46,309 - instabot version: 0.117.0 (api) - DEBUG - GET to endpoint: friendships/5763873796/followers/?rank_token=1576151663_5e3389fc-961f-4438-8299-38e8f2238419&max_id=QVFBZHZvOWp5SVI1MGd1S29nQ0k4WHBlckFXNEJJc045ZkdBREdHY2lVcl9iNklqaF9KYUhHZVJuV2RCQ0FRRk9hZ2xYRGRNaEVVZGFGSXhXQU5YWmlpSg== returned response: <Response [200]>
2021-02-10 16:04:47,075 - instabot version: 0.117.0 (api) - DEBUG - GET to endpoint: friendships/5763873796/followers/?rank_token=1576151663_5e3389fc-961f-4438-8299-38e8f2238419&max_id=QVFEUGtNY3BpNGcwdlhjR0RPSENvRHp2S2EyY1pZbUhma3JjREMwOUxWWjV1QVFpQUlKaVlTc0tnZmxwcDh0RXJYS19oZHFjb0hBZHhJV1doNlNMVlRqOA== returned response: <Response [200]>
2021-02-10 16:04:47,756 - instabot version: 0.117.0 (api) - DEBUG - GET to endpoint: friendships/5763873796/followers/?rank_token=1576151663_5e3389fc-961f-4438-8299-38e8f2238419&max_id=QVFCTzJiLTcwSUx1SGVaUEVaRWJYNjZHbWtRWUJVV29MNXk5cktqTDFtRDVGTS1OcHZ5ZDhVMzZtd3U0RWMyai14UGRna0xaYS1scUVmOXZDcDVrVXBMcg== returned response: <Response [200]>
2021-02-10 16:04:48,731 - instabot version: 0.117.0 (api) - DEBUG - GET to endpoint: friendships/5763873796/followers/?rank_token=1576151663_5e3389fc-961f-4438-8299-38e8f2238419&max_id=QVFCTE9COG5qVHVWQjV4bHpsTHRJbUJyY2ZaalZnM0NQQTFCTzREQ2ljRmZqX0ZxVVJyRDBPTkNfcWp4c0txQ2VLdFFmb2lfOUkxdTFmdm9CLVhoX3dwQw== returned response: <Response [200]>
2021-02-10 16:04:49,473 - instabot version: 0.117.0 (api) - DEBUG - GET to endpoint: friendships/5763873796/followers/?rank_token=1576151663_5e3389fc-961f-4438-8299-38e8f2238419&max_id=QVFETW9LcXY1bkNpNzFkejR2dEdaVzZPT0dyZWhlVG1kMG92X3RBeUNIcGZCb1cwdVQ3WkZrQTVDaTN0WkZ3VTV3LUd1eHlHdG5CQXhXdWNmUjBJYnZIUA== returned response: <Response [200]>
2021-02-10 16:04:50,537 - instabot version: 0.117.0 (api) - DEBUG - GET to endpoint: friendships/5763873796/followers/?rank_token=1576151663_5e3389fc-961f-4438-8299-38e8f2238419&max_id=QVFDQWhrSm1Yel9zUE8wREZQY05QWV9MRG02YXl4akNhMW9lSFl6UFdWbzlib2NhNEV6M2szejRTRms2YVNhNTRTU1Rod3FidzdjeFJmRzEtVEJYa0dvdw== returned response: <Response [200]>
2021-02-10 16:04:51,766 - instabot version: 0.117.0 (api) - DEBUG - GET to endpoint: friendships/5763873796/followers/?rank_token=1576151663_5e3389fc-961f-4438-8299-38e8f2238419&max_id=QVFDU0FLaGRRblNXb1p6eVVBTG9VZ2EyTW1xM2RTM3pnQXZPNWVfMWk5UEYwM3F3bEFHdGs0aEZqVTdKSl9GbHZIMVJZQ0FmeEw0TG5jUnBvUWhLVzhreg== returned response: <Response [200]>
2021-02-10 16:04:53,365 - instabot version: 0.117.0 (api) - DEBUG - GET to endpoint: friendships/5763873796/followers/?rank_token=1576151663_5e3389fc-961f-4438-8299-38e8f2238419&max_id=QVFBV1J2WW5kZWx0TjZIOHFaUUpXWjI0cEhTWmg4alFNM2E3YmFabGJzOHBRYmg0OXYyN3hwS051dmZFc3BKZ3poQW9IYlpGdnJfVjlqakhxaUZ3VUJDNg== returned response: <Response [200]>
2021-02-10 16:04:53,891 - instabot version: 0.117.0 (api) - DEBUG - GET to endpoint: friendships/5763873796/followers/?rank_token=1576151663_5e3389fc-961f-4438-8299-38e8f2238419&max_id=QVFBNk81dFRmWW81QmR1TklnZDhOSW9vaUtFamJqVy0tczhWTnFyZ0d3cjg2NEtnLWNOTmUwYmRYSHpSRmwzc0x2azBpZnF2Yy0wNWlFOWxUdWQybTFrXw== returned response: <Response [200]>
2021-02-10 16:04:54,489 - instabot version: 0.117.0 (api) - DEBUG - GET to endpoint: friendships/5763873796/followers/?rank_token=1576151663_5e3389fc-961f-4438-8299-38e8f2238419&max_id=QVFEQTA2YzRsSlhRbjRfR0JmZlY2dlFPeGRGZkN6SmdVZEZTZTJqanpoUC1sRURFUlkzU1dVX0h1SlZxZTVfYWVFck5COUtyZ1ZoSEcyTVNaQjAzV1RmYg== returned response: <Response [200]>
2021-02-10 16:04:55,081 - instabot version: 0.117.0 (api) - DEBUG - GET to endpoint: friendships/5763873796/followers/?rank_token=1576151663_5e3389fc-961f-4438-8299-38e8f2238419&max_id=QVFBMlhtNjNfVmVfWTNHblp5dVdIanE2ZDAzVXFOUnQ5ejdFdVFPQ1Rlci10OWgycUJfeDhUdXNETjFLRUR0Vl9EX0xFVC1zSmpHT19XQ2lxWkQzczRfWQ== returned response: <Response [200]>
2021-02-10 16:04:55,698 - instabot version: 0.117.0 (api) - DEBUG - GET to endpoint: friendships/5763873796/followers/?rank_token=1576151663_5e3389fc-961f-4438-8299-38e8f2238419&max_id=QVFBeEh1clpTeGRfcFVUZmtqckN4YUdWSU5STVEzTl9YeHBlbnRvdE5PNVhEM3Z3anJsbmc0ZmNvNjJyeXhReWM0b1BQWW9vZEhfM3NoOGVYZFhlRF9pcw== returned response: <Response [200]>
2021-02-10 16:04:56,380 - instabot version: 0.117.0 (api) - DEBUG - GET to endpoint: friendships/5763873796/followers/?rank_token=1576151663_5e3389fc-961f-4438-8299-38e8f2238419&max_id=QVFBTWd3T0szaW91N0l0RHlFeURXZXppUEs4YlppSzdDM2dUX1dmZHFLXzg2TF9OXzZ6SVQtQnJtc0VfZHVzU2g4a1k2Yno4QmRkUkZLQ3NNUWtqRDUxdw== returned response: <Response [200]>
2021-02-10 16:04:56,940 - instabot version: 0.117.0 (api) - DEBUG - GET to endpoint: friendships/5763873796/followers/?rank_token=1576151663_5e3389fc-961f-4438-8299-38e8f2238419&max_id=QVFDbllFZE1HVFRqb2g4SmZRVlVBUnE4MHh2ZHB2VWd4WVB0bktGVXJkSFBtNzFzdEtuZklDMGhaQU10OGRrd0plUXJfYld6WHktQVNDT3J6YjdkUmpQaw== returned response: <Response [200]>
2021-02-10 16:04:57,455 - instabot version: 0.117.0 (api) - DEBUG - GET to endpoint: friendships/5763873796/followers/?rank_token=1576151663_5e3389fc-961f-4438-8299-38e8f2238419&max_id=QVFDNUVYQjlXaWt2bERZbTNBeWhrWEg1dUNfMXpPcDhzOWZpQ21zaWlRT2NoMUM2RDlSdmVIcVRIVzdLWGlTRzUtZHJVNndBaWRtUGxkS0tYUi1qY3oyQQ== returned response: <Response [200]>
2021-02-10 16:04:57,962 - instabot version: 0.117.0 (api) - DEBUG - GET to endpoint: friendships/5763873796/followers/?rank_token=1576151663_5e3389fc-961f-4438-8299-38e8f2238419&max_id=QVFDdUhrUG9RR2pSMlJ4MzZXQmlSUnJMX1YzLUJsakRHcFRYdkJYNmIyNENIZUE0MUtqeldndGpNYnhxb3o3bzlrWXV0NV9oNHF3b1BldEwxblZQV0xWRw== returned response: <Response [200]>
2021-02-10 16:04:58,494 - instabot version: 0.117.0 (api) - DEBUG - GET to endpoint: friendships/5763873796/followers/?rank_token=1576151663_5e3389fc-961f-4438-8299-38e8f2238419&max_id=QVFCWWxtY2pfUUN6WnhlaTVWNlNJczlWWC1tZEl4QnJLQjI0LWlhdlJPajlCaDhBVmozVXkwcmcwN1luWnpiUDJLRUdzSWRnbnVndnlrS1BENXhvZVV4cg== returned response: <Response [200]>
2021-02-10 16:04:59,042 - instabot version: 0.117.0 (api) - DEBUG - GET to endpoint: friendships/5763873796/followers/?rank_token=1576151663_5e3389fc-961f-4438-8299-38e8f2238419&max_id=QVFEVVlpR2xlajV1anlfYm5yX3FnS29fT0J1OW8zSEgxZ0RnY3JzZWMxTnV0dGtLWk9DRVk0ai00a3d3OTBYVXRUaWhiNGtraktpa0daVHhiY1Fha1NzVw== returned response: <Response [200]>
2021-02-10 16:04:59,621 - instabot version: 0.117.0 (api) - DEBUG - GET to endpoint: friendships/5763873796/followers/?rank_token=1576151663_5e3389fc-961f-4438-8299-38e8f2238419&max_id=QVFBNlh6bmZ0U2ZtMDNLdjNNaUpmdW95dVpfTWlQWXlqYk95SHhkaF95eWxwUjhGRk9wNUUwb0M5MWR0ZUxWYVJGN0h6MlAwLWw2WWxYZ01jY0NtcWMtNg== returned response: <Response [200]>
2021-02-10 16:05:00,210 - instabot version: 0.117.0 (api) - DEBUG - GET to endpoint: friendships/5763873796/followers/?rank_token=1576151663_5e3389fc-961f-4438-8299-38e8f2238419&max_id=QVFENklPOFBUb1NBdTFSNmpHUXhrNFVwRXZ6Ml9UUVppTVFRa1hrUWFSaUprMlhER1IzQjAtX3N4QkwxR09jX2xWS1ZfejE4VWlIb19GaEF0R0ltdGk1cw== returned response: <Response [200]>
2021-02-10 16:05:00,739 - instabot version: 0.117.0 (api) - DEBUG - GET to endpoint: friendships/5763873796/followers/?rank_token=1576151663_5e3389fc-961f-4438-8299-38e8f2238419&max_id=QVFBWW9lNWp1eHI5QXBEbnZGSEVlWkI5U1hCR2V6Zm9ud2lvVXRDWnlKR0hWVlh0OFhNcG9iV1l6djlsYmdQbmhwZjByN1Y0ajJ0WGx3cXJtSkdYQU5Tbw== returned response: <Response [200]>
2021-02-10 16:05:01,267 - instabot version: 0.117.0 (api) - DEBUG - GET to endpoint: friendships/5763873796/followers/?rank_token=1576151663_5e3389fc-961f-4438-8299-38e8f2238419&max_id=QVFER0VoUngxODdiQnF1ZGotNkRPNldtaTlHalR0ZVNXdnRMVzVXWjktU0kzTDlua2I3VEdoSkFTZ0dwemVrZ01xRWJCUXNFSG95WkdzNjR5MjR5SDBQMg== returned response: <Response [200]>
2021-02-10 16:05:01,845 - instabot version: 0.117.0 (api) - DEBUG - GET to endpoint: friendships/5763873796/followers/?rank_token=1576151663_5e3389fc-961f-4438-8299-38e8f2238419&max_id=QVFDS05ORF94QnR0TUNQald1TWozano1OE5vNUpmUjZhV2tOOFZISFg5R0M2Vjl5a3llN1NQMXlaSl8zYTJHVlFKQXhlMVNsMDRicEt3MC1wczF4bjZ2ag== returned response: <Response [200]>
2021-02-10 16:05:02,750 - instabot version: 0.117.0 (api) - DEBUG - GET to endpoint: friendships/5763873796/followers/?rank_token=1576151663_5e3389fc-961f-4438-8299-38e8f2238419&max_id=QVFBWTZUN3BaVnJHV0VZYkRZVVNwTnJ0NlpILXBhUy1oN1VqQ3UxMkE5T3B6MUNhWE1zU09FS1VKTjljZG5KazRrbmh2ZWtGSXYtYThXbG1NTjk5eG1lXw== returned response: <Response [200]>
2021-02-10 16:05:03,308 - instabot version: 0.117.0 (api) - DEBUG - GET to endpoint: friendships/5763873796/followers/?rank_token=1576151663_5e3389fc-961f-4438-8299-38e8f2238419&max_id=QVFDbmRzdTRTUU03X3k3WjFPUEZqQU11NmdKTkJlMHkyWHpka0Q2V0pxM0ZoODNUa2lBRHBQbVQ4VUhEOWpSdnhTM0hTanhqRV82OGhMNUdTMXd6aUtjdg== returned response: <Response [200]>
2021-02-10 16:05:03,884 - instabot version: 0.117.0 (api) - DEBUG - GET to endpoint: friendships/5763873796/followers/?rank_token=1576151663_5e3389fc-961f-4438-8299-38e8f2238419&max_id=QVFDdTdTVWlzRzVPRW0ydWxNVDJPQXRuOWJNMVc3YVJ4LVFNVTRfclRNTzVMTmJ5QVNFVTlWb09QQnVaYUt6Q094czVCMmpEMkxIUEwwQy00VFk5cjN1WQ== returned response: <Response [200]>
2021-02-10 16:05:04,447 - instabot version: 0.117.0 (api) - DEBUG - GET to endpoint: friendships/5763873796/followers/?rank_token=1576151663_5e3389fc-961f-4438-8299-38e8f2238419&max_id=QVFET09jZHZGZlY2NjZwWDh0d2c0LU5kaGdlSkFCQU45Y0VFdHZOY1pNTndzZHo5RWhfWGVaamwwUDRJN3U5dXJtYlVyOG9udVVZY21ibUJVcndhZkhoSA== returned response: <Response [200]>
2021-02-10 16:05:05,419 - instabot version: 0.117.0 (api) - DEBUG - GET to endpoint: friendships/5763873796/followers/?rank_token=1576151663_5e3389fc-961f-4438-8299-38e8f2238419&max_id=QVFETXVPcUxBTWN6U2xFSWJWbVVJaW1LZ1FwR3pYcHZSZHppb05YRmNxR3dIWnZvZHNMRG0tdFlhUlFfdUVtVklwbVFNYmw0LWlUM0RNbXM2RElpMTRfNQ== returned response: <Response [200]>
2021-02-10 16:05:05,999 - instabot version: 0.117.0 (api) - DEBUG - GET to endpoint: friendships/5763873796/followers/?rank_token=1576151663_5e3389fc-961f-4438-8299-38e8f2238419&max_id=QVFEZW0yQUN2N0c2aFozaXREWHk5NXFYREJFWE1ySjhnUnVIT2RZRnFEWlFaRmFFMEhDVWpia2dlWWNuczFHS1F2SHFaWS14ZXpDdUU2TnlySnY4TmNwYw== returned response: <Response [200]>
2021-02-10 16:05:06,670 - instabot version: 0.117.0 (api) - DEBUG - GET to endpoint: friendships/5763873796/followers/?rank_token=1576151663_5e3389fc-961f-4438-8299-38e8f2238419&max_id=QVFERzdMYk80ZHA2WUx4V0ZoX180SFNuZ1RNNzNjUTZZN0Q5VUJTOFA3cEFYNzRReDFuWmczVWtYcVFPQ1d2bFFwaTV1VHNGR216QUw3b1JTYkFEU0FQSw== returned response: <Response [200]>
2021-02-10 16:05:07,236 - instabot version: 0.117.0 (api) - DEBUG - GET to endpoint: friendships/5763873796/followers/?rank_token=1576151663_5e3389fc-961f-4438-8299-38e8f2238419&max_id=QVFCR0ZJS1d4OGpoSjdYNWJXWUQzRnNzQmlqSzY1V3ZTNVpBV1ZpZHlsYmg1bkFmNTdpbTlvNHlXMXlqbmJmOWt4LVZNUkhDTTVwVzZUa3U2MngtM0xWVw== returned response: <Response [200]>
2021-02-10 16:05:07,767 - instabot version: 0.117.0 (api) - DEBUG - GET to endpoint: friendships/5763873796/followers/?rank_token=1576151663_5e3389fc-961f-4438-8299-38e8f2238419&max_id=QVFCMUFpb1JvZjFqODE0c0FkSXJDRTBCSjN2djU2Y25nVWF3bnJlZWJTQ1F6VWh0UHN0cGUwcXJwdk9SeF9TaFBrdl9pSUlRZHI1eDlXTFg5eDBQVVBzMA== returned response: <Response [200]>
2021-02-10 16:05:08,423 - instabot version: 0.117.0 (api) - DEBUG - GET to endpoint: friendships/5763873796/followers/?rank_token=1576151663_5e3389fc-961f-4438-8299-38e8f2238419&max_id=QVFCZlFybTVmUk1HX2F4Y2NDZFl5RnM4UjlVQWNZc0RQbm5rN2lmVGRNbGstMTBPQTdkYk9wWWpzb0J5dmEwRU9SazRZVExOeU5iOGJhekdDdWxkbm1xdA== returned response: <Response [200]>
2021-02-10 16:05:08,976 - instabot version: 0.117.0 (api) - DEBUG - GET to endpoint: friendships/5763873796/followers/?rank_token=1576151663_5e3389fc-961f-4438-8299-38e8f2238419&max_id=QVFBRWhQbmpnMGV6R2F2RVRDTU5MQ0ZlMnlkeXF2YTVFa3IwQm4wcVhQT05SOXlxS3o1YmQzMUZSbVpLMWJnek1FZzZDSVY1OWkxVUU5LVNjN1hEczRJaQ== returned response: <Response [200]>
2021-02-10 16:05:09,574 - instabot version: 0.117.0 (api) - DEBUG - GET to endpoint: friendships/5763873796/followers/?rank_token=1576151663_5e3389fc-961f-4438-8299-38e8f2238419&max_id=QVFDZ2ZrRnZSZW1TWFBPc0VuX1JWSndOdVhUeUhya0F4RlFJRHhEOXVlSHJ6RjJFOEdhVm1iWHlBTGM5S3dWSG1VNmVIaVpLYkhpQUxYLVFFT2JqelBwQw== returned response: <Response [200]>
2021-02-10 16:05:10,106 - instabot version: 0.117.0 (api) - DEBUG - GET to endpoint: friendships/5763873796/followers/?rank_token=1576151663_5e3389fc-961f-4438-8299-38e8f2238419&max_id=QVFEQ1RSOVhfNFZnM2dTd3kwWHFYQ0p1bWxZRUxVVk4xR1dvck1JZlBhelQ5SFk1d256SkZHdDI1ZEg3MHRNUVM4TDVDZldBR2pnLUstYWNfM1Vad19QTQ== returned response: <Response [200]>
2021-02-10 16:05:10,637 - instabot version: 0.117.0 (api) - DEBUG - GET to endpoint: friendships/5763873796/followers/?rank_token=1576151663_5e3389fc-961f-4438-8299-38e8f2238419&max_id=QVFEZnBpU1V5ZWhmYTNIVWdITXpibFMxcTVLRUtrZ3ktX3pRRndxRzlad3d5bXZKTTVUeWJiNUpIM3lnUEtfOGFjcDU1eXIyTTRhU1NXc1NjRWNjOF9WMA== returned response: <Response [200]>
2021-02-10 16:05:11,259 - instabot version: 0.117.0 (api) - DEBUG - GET to endpoint: friendships/5763873796/followers/?rank_token=1576151663_5e3389fc-961f-4438-8299-38e8f2238419&max_id=QVFCVmJ2dm16b0hBWTdRZDVrd0ZyNmVrU1YwWFcyNHc5emFyaXJESkhpRUh3emZjakM0SWpOYXM4eDNKUkZ4S1VLU1dWcDVHcUk5Q01IYkVXWVREcDcycQ== returned response: <Response [200]>
2021-02-10 16:05:11,964 - instabot version: 0.117.0 (api) - DEBUG - GET to endpoint: friendships/5763873796/followers/?rank_token=1576151663_5e3389fc-961f-4438-8299-38e8f2238419&max_id=QVFDMENHYUxjQVp6dXk1LWFYUU1qYTRHTmxUV09UWGYwdTN6RGhNNnFhUm9mYUt6ZGxBZWVSSVJiYVdtTkxGSFRyUG9LSGNrUlRxcEc1V0NPNGRIUmRlZw== returned response: <Response [200]>
2021-02-10 16:05:12,594 - instabot version: 0.117.0 (api) - DEBUG - GET to endpoint: friendships/5763873796/followers/?rank_token=1576151663_5e3389fc-961f-4438-8299-38e8f2238419&max_id=QVFBeEh6Mld0dkZSTlZkWFZaRUlGeXd1R294dHo2T1FLSm43Q2ZmZ3hVSDRfTnV1WXc2S1JobnZHSjZYbmhiRmxOeVFDeE56Z1AtNXBtbng1WGVxWmNHaA== returned response: <Response [200]>
2021-02-10 16:05:13,124 - instabot version: 0.117.0 (api) - DEBUG - GET to endpoint: friendships/5763873796/followers/?rank_token=1576151663_5e3389fc-961f-4438-8299-38e8f2238419&max_id=QVFBRVRNY2I4YzExMnlNLUhlRHh6M3ptMV9kY09YWG5rVTdRTEhJMkVGekZQaXdPOG84RmdjaGtSZkhWUTFMMVMxaWlrcG9iV3VWWlR5UzQ4UXBFLWwtaA== returned response: <Response [200]>
2021-02-10 16:05:13,776 - instabot version: 0.117.0 (api) - DEBUG - GET to endpoint: friendships/5763873796/followers/?rank_token=1576151663_5e3389fc-961f-4438-8299-38e8f2238419&max_id=QVFCaUxxaDl4SjNKTzJCWF9kUloxMGlteEJyTG1sNlRLd2x4QU5Bc1JJQjNCZjdpS0pJSEJnZnJzZmV0V3RzTUE1dDRJY0tmT1BBaWM3aTNMaVhzenJPVg== returned response: <Response [200]>
2021-02-10 16:05:14,290 - instabot version: 0.117.0 (api) - DEBUG - GET to endpoint: friendships/5763873796/followers/?rank_token=1576151663_5e3389fc-961f-4438-8299-38e8f2238419&max_id=QVFEeDZjdGxIaFJyazR3cFMtSmxLTTNJbzI4dXltWFNQSEkwQ0JUbXZJTFRDYVkzR2N3NXVmWmhIUEdWRnNVcDlXS1l0ME9vMjZxVHNsZXVVQ1NLUjFGSA== returned response: <Response [200]>
2021-02-10 16:05:14,830 - instabot version: 0.117.0 (api) - DEBUG - GET to endpoint: friendships/5763873796/followers/?rank_token=1576151663_5e3389fc-961f-4438-8299-38e8f2238419&max_id=QVFBR190U2gxcS1LaUJtS3FtN28zY182MVVNTXJ3Q25vQzBaaWk5OXlrdG1MMExiOUVZMlQ1UllHR1lneHZpcHluZFNCak80cWNUaEstWDQ5MHFXZHdfag== returned response: <Response [200]>
2021-02-10 16:05:15,376 - instabot version: 0.117.0 (api) - DEBUG - GET to endpoint: friendships/5763873796/followers/?rank_token=1576151663_5e3389fc-961f-4438-8299-38e8f2238419&max_id=QVFCTkhqM1RxTUNHc0g4bk9mV1RtNmtpSXJhSDVuU212TVRPbnRjdEs1amM4eGlHVVI1dWdnQVRldkJvNjBPTzBsU240UHhXdGlsWWhyVEZkcTBoOFFYOQ== returned response: <Response [200]>
2021-02-10 16:05:15,874 - instabot version: 0.117.0 (api) - DEBUG - GET to endpoint: friendships/5763873796/followers/?rank_token=1576151663_5e3389fc-961f-4438-8299-38e8f2238419&max_id=QVFCbGY1TjNvU3FrdFAyY2pTTVgwVWNjMDluVlJWdHZIclA0amZWOG5jeFJiZ2dHY0lhYTZ6X1o3d18tZjIxZ0QtVVNYRXVDNlV4UjBQVE5CY3dQN04xbw== returned response: <Response [200]>
2021-02-10 16:05:15,885 - instabot version: 0.117.0 (bot_follow) - INFO - Going to follow 6080 users.
2021-02-10 16:05:15,923 - instabot version: 0.117.0 (bot_follow) - INFO - Going to follow `user_id` 666836020.
2021-02-10 16:05:15,931 - instabot version: 0.117.0 (api) - DEBUG - post data: {"user_id": "666836020", "radio_type": "wifi-none", "device_id": "android-b56950ab1e0c370c", "_uuid": "5e3389fc-961f-4438-8299-38e8f2238419", "_uid": "1576151663", "_csrftoken": "OAXN012m4BVjFC97mNJN4ohiCT4sC6uH"}
2021-02-10 16:05:17,120 - instabot version: 0.117.0 (api) - DEBUG - POST to endpoint: friendships/create/666836020/ returned response: <Response [200]>
2021-02-10 16:05:17,120 - instabot version: 0.117.0 (bot_follow) - INFO - Followed `user_id` 666836020.
2021-02-10 16:05:17,859 - instabot version: 0.117.0 (api) - DEBUG - GET to endpoint: users/1576151663/info/ returned response: <Response [200]>
2021-02-10 16:05:19,477 - instabot version: 0.117.0 (api) - DEBUG - GET to endpoint: friendships/1576151663/following/?max_id=&ig_sig_key_version=4&rank_token=1576151663_5e3389fc-961f-4438-8299-38e8f2238419 returned response: <Response [200]>
2021-02-10 16:05:19,494 - instabot version: 0.117.0 (bot_follow) - INFO - Going to follow `user_id` 29864554.
2021-02-10 16:08:07,361 - instabot version: 0.117.0 (bot_checkpoint) - DEBUG - Saving Checkpoint file to: C:\Users\Nicolas\Documents\Cientifico-Datos-ISPC\Programacion I\Instagram bot/config/nicoolas_gomezz.checkpoint
2021-02-10 16:08:07,362 - instabot version: 0.117.0 (bot) - INFO - Total follows: 1/95
2021-02-10 16:08:07,375 - instabot version: 0.117.0 (bot) - INFO - Total requests: 98
