2021-02-10 16:16:43,670 - instabot version: 0.117.0 (bot) - INFO - Instabot version: 0.117.0 Started
2021-02-10 16:16:43,671 - instabot version: 0.117.0 (bot) - DEBUG - Bot imported from C:\Program Files\Python39\lib\site-packages\instabot\bot\bot.py
2021-02-10 16:16:43,671 - instabot version: 0.117.0 (api_login) - INFO - Not yet logged in starting: PRE-LOGIN FLOW!
2021-02-10 16:16:44,068 - instabot version: 0.117.0 (api) - DEBUG - POST to endpoint: accounts/get_prefill_candidates/ returned response: <Response [200]>
2021-02-10 16:16:44,516 - instabot version: 0.117.0 (api) - DEBUG - POST to endpoint: qe/sync/ returned response: <Response [200]>
2021-02-10 16:16:44,888 - instabot version: 0.117.0 (api) - DEBUG - POST to endpoint: launcher/sync/ returned response: <Response [200]>
2021-02-10 16:16:45,238 - instabot version: 0.117.0 (api) - DEBUG - POST to endpoint: accounts/contact_point_prefill/ returned response: <Response [200]>
2021-02-10 16:16:47,899 - instabot version: 0.117.0 (api) - DEBUG - POST to endpoint: accounts/login/ returned response: <Response [200]>
2021-02-10 16:16:47,899 - instabot version: 0.117.0 (api) - INFO - Logged-in successfully as 'lapalmerafc'!
2021-02-10 16:16:47,900 - instabot version: 0.117.0 (api_login) - INFO - LOGIN FLOW! Just logged-in: True
2021-02-10 16:16:48,357 - instabot version: 0.117.0 (api) - DEBUG - POST to endpoint: qe/sync/ returned response: <Response [200]>
2021-02-10 16:16:48,760 - instabot version: 0.117.0 (api) - DEBUG - POST to endpoint: launcher/sync/ returned response: <Response [200]>
2021-02-10 16:16:49,159 - instabot version: 0.117.0 (api) - DEBUG - GET to endpoint: zr/token/result/?device_id=android-fa9bcb28d8c40469&token_hash=&custom_device_id=android-fa9bcb28d8c40469&fetch_reason=token_expired returned response: <Response [200]>
2021-02-10 16:16:49,590 - instabot version: 0.117.0 (api) - DEBUG - GET to endpoint: multiple_accounts/get_account_family/ returned response: <Response [200]>
2021-02-10 16:16:50,057 - instabot version: 0.117.0 (api) - DEBUG - POST to endpoint: qe/sync/ returned response: <Response [200]>
2021-02-10 16:16:50,863 - instabot version: 0.117.0 (api) - DEBUG - GET to endpoint: igtv/browse_feed/?prefetch=1 returned response: <Response [200]>
2021-02-10 16:16:51,604 - instabot version: 0.117.0 (api) - DEBUG - POST to endpoint: creatives/ar_class/ returned response: <Response [200]>
2021-02-10 16:16:52,495 - instabot version: 0.117.0 (api) - DEBUG - POST to endpoint: feed/reels_tray/ returned response: <Response [200]>
2021-02-10 16:16:53,960 - instabot version: 0.117.0 (api) - DEBUG - POST to endpoint: feed/timeline/ returned response: <Response [200]>
2021-02-10 16:16:54,336 - instabot version: 0.117.0 (api) - DEBUG - GET to endpoint: media/blocked/ returned response: <Response [200]>
2021-02-10 16:16:55,139 - instabot version: 0.117.0 (api) - DEBUG - GET to endpoint: news/inbox/ returned response: <Response [200]>
2021-02-10 16:16:55,853 - instabot version: 0.117.0 (api) - DEBUG - GET to endpoint: loom/fetch_config/ returned response: <Response [200]>
2021-02-10 16:16:56,320 - instabot version: 0.117.0 (api) - DEBUG - GET to endpoint: scores/bootstrap/users/?surfaces=["autocomplete_user_list","coefficient_besties_list_ranking","coefficient_rank_recipient_user_suggestion","coefficient_ios_section_test_bootstrap_ranking","coefficient_direct_recipients_ranking_variant_2"] returned response: <Response [200]>
2021-02-10 16:16:56,728 - instabot version: 0.117.0 (api) - DEBUG - GET to endpoint: business/eligibility/get_monetization_products_eligibility_data/?product_types=branded_content returned response: <Response [200]>
2021-02-10 16:16:57,088 - instabot version: 0.117.0 (api) - DEBUG - GET to endpoint: business/branded_content/should_require_professional_account/ returned response: <Response [200]>
2021-02-10 16:16:57,459 - instabot version: 0.117.0 (api) - DEBUG - GET to endpoint: linked_accounts/get_linkage_status/ returned response: <Response [200]>
2021-02-10 16:16:58,063 - instabot version: 0.117.0 (api) - DEBUG - GET to endpoint: locations/request_country/ returned response: <Response [200]>
2021-02-10 16:16:58,425 - instabot version: 0.117.0 (api) - DEBUG - GET to endpoint: qp/get_cooldowns/?signed_body=signed_body=4b9c516a5410a3bc128e09c6104a7f042146b9c2023870560c63a43a7f66781c.4&ig_sig_key_version=4&ig_sig_key_version=4 returned response: <Response [200]>
2021-02-10 16:16:58,824 - instabot version: 0.117.0 (api) - DEBUG - GET to endpoint: users/arlink_download_info/?version_override=2.2.1 returned response: <Response [200]>
2021-02-10 16:16:59,534 - instabot version: 0.117.0 (api) - DEBUG - GET to endpoint: users/44718599386/info/ returned response: <Response [200]>
2021-02-10 16:17:00,158 - instabot version: 0.117.0 (api) - DEBUG - GET to endpoint: direct_v2/get_presence/ returned response: <Response [200]>
2021-02-10 16:17:01,957 - instabot version: 0.117.0 (api) - DEBUG - GET to endpoint: direct_v2/inbox/?visual_message_return_type=unseen&thread_message_limit=10&persistentBadging=true&limit=20 returned response: <Response [200]>
2021-02-10 16:17:02,356 - instabot version: 0.117.0 (api) - DEBUG - GET to endpoint: direct_v2/inbox/?visual_message_return_type=unseen&persistentBadging=true&limit=0 returned response: <Response [200]>
2021-02-10 16:17:04,099 - instabot version: 0.117.0 (api) - DEBUG - GET to endpoint: discover/topical_explore/?is_prefetch=true&omit_cover_media=true&use_sectional_payload=true&timezone_offset=0&session_id=c0f332c1-20d1-494e-9486-efb811e99361&include_fixed_destinations=true returned response: <Response [200]>
2021-02-10 16:17:04,471 - instabot version: 0.117.0 (api) - DEBUG - POST to endpoint: notifications/badge/ returned response: <Response [200]>
2021-02-10 16:17:05,106 - instabot version: 0.117.0 (api) - DEBUG - POST to endpoint: qp/batch_fetch/ returned response: <Response [200]>
2021-02-10 16:17:05,108 - instabot version: 0.117.0 (bot_checkpoint) - DEBUG - Loading Checkpoint file from: C:\Users\Nicolas\Documents\Cientifico-Datos-ISPC\Programacion I\Instagram bot/config/lapalmerafc.checkpoint
2021-02-10 16:17:05,109 - instabot version: 0.117.0 (bot_follow) - INFO - Follow followers of: autoremis
2021-02-10 16:17:05,685 - instabot version: 0.117.0 (api) - DEBUG - GET to endpoint: users/autoremis/usernameinfo/ returned response: <Response [200]>
2021-02-10 16:17:06,786 - instabot version: 0.117.0 (api) - DEBUG - GET to endpoint: users/7392877831/info/ returned response: <Response [200]>
2021-02-10 16:17:08,202 - instabot version: 0.117.0 (api) - DEBUG - GET to endpoint: friendships/7392877831/followers/?rank_token=44718599386_74cad30a-b9a7-4e5d-83ff-a7dbd91ec1db returned response: <Response [200]>
2021-02-10 16:17:09,625 - instabot version: 0.117.0 (api) - DEBUG - GET to endpoint: friendships/7392877831/followers/?rank_token=44718599386_74cad30a-b9a7-4e5d-83ff-a7dbd91ec1db&max_id=100 returned response: <Response [200]>
2021-02-10 16:17:10,882 - instabot version: 0.117.0 (api) - DEBUG - GET to endpoint: friendships/7392877831/followers/?rank_token=44718599386_74cad30a-b9a7-4e5d-83ff-a7dbd91ec1db&max_id=200 returned response: <Response [200]>
2021-02-10 16:17:12,068 - instabot version: 0.117.0 (api) - DEBUG - GET to endpoint: friendships/7392877831/followers/?rank_token=44718599386_74cad30a-b9a7-4e5d-83ff-a7dbd91ec1db&max_id=300 returned response: <Response [200]>
2021-02-10 16:17:13,288 - instabot version: 0.117.0 (api) - DEBUG - GET to endpoint: friendships/7392877831/followers/?rank_token=44718599386_74cad30a-b9a7-4e5d-83ff-a7dbd91ec1db&max_id=400 returned response: <Response [200]>
2021-02-10 16:17:14,652 - instabot version: 0.117.0 (api) - DEBUG - GET to endpoint: friendships/7392877831/followers/?rank_token=44718599386_74cad30a-b9a7-4e5d-83ff-a7dbd91ec1db&max_id=500 returned response: <Response [200]>
2021-02-10 16:17:15,908 - instabot version: 0.117.0 (api) - DEBUG - GET to endpoint: friendships/7392877831/followers/?rank_token=44718599386_74cad30a-b9a7-4e5d-83ff-a7dbd91ec1db&max_id=600 returned response: <Response [200]>
2021-02-10 16:17:17,237 - instabot version: 0.117.0 (api) - DEBUG - GET to endpoint: friendships/7392877831/followers/?rank_token=44718599386_74cad30a-b9a7-4e5d-83ff-a7dbd91ec1db&max_id=700 returned response: <Response [200]>
2021-02-10 16:17:18,733 - instabot version: 0.117.0 (api) - DEBUG - GET to endpoint: friendships/7392877831/followers/?rank_token=44718599386_74cad30a-b9a7-4e5d-83ff-a7dbd91ec1db&max_id=800 returned response: <Response [200]>
2021-02-10 16:17:20,032 - instabot version: 0.117.0 (api) - DEBUG - GET to endpoint: friendships/7392877831/followers/?rank_token=44718599386_74cad30a-b9a7-4e5d-83ff-a7dbd91ec1db&max_id=900 returned response: <Response [200]>
2021-02-10 16:17:21,141 - instabot version: 0.117.0 (api) - DEBUG - GET to endpoint: friendships/7392877831/followers/?rank_token=44718599386_74cad30a-b9a7-4e5d-83ff-a7dbd91ec1db&max_id=1000 returned response: <Response [200]>
2021-02-10 16:17:22,298 - instabot version: 0.117.0 (api) - DEBUG - GET to endpoint: friendships/7392877831/followers/?rank_token=44718599386_74cad30a-b9a7-4e5d-83ff-a7dbd91ec1db&max_id=1100 returned response: <Response [200]>
2021-02-10 16:17:23,545 - instabot version: 0.117.0 (api) - DEBUG - GET to endpoint: friendships/7392877831/followers/?rank_token=44718599386_74cad30a-b9a7-4e5d-83ff-a7dbd91ec1db&max_id=1200 returned response: <Response [200]>
2021-02-10 16:17:24,827 - instabot version: 0.117.0 (api) - DEBUG - GET to endpoint: friendships/7392877831/followers/?rank_token=44718599386_74cad30a-b9a7-4e5d-83ff-a7dbd91ec1db&max_id=1300 returned response: <Response [200]>
2021-02-10 16:17:26,186 - instabot version: 0.117.0 (api) - DEBUG - GET to endpoint: friendships/7392877831/followers/?rank_token=44718599386_74cad30a-b9a7-4e5d-83ff-a7dbd91ec1db&max_id=1400 returned response: <Response [200]>
2021-02-10 16:17:27,643 - instabot version: 0.117.0 (api) - DEBUG - GET to endpoint: friendships/7392877831/followers/?rank_token=44718599386_74cad30a-b9a7-4e5d-83ff-a7dbd91ec1db&max_id=1500 returned response: <Response [200]>
2021-02-10 16:17:29,123 - instabot version: 0.117.0 (api) - DEBUG - GET to endpoint: friendships/7392877831/followers/?rank_token=44718599386_74cad30a-b9a7-4e5d-83ff-a7dbd91ec1db&max_id=1600 returned response: <Response [200]>
2021-02-10 16:17:30,377 - instabot version: 0.117.0 (api) - DEBUG - GET to endpoint: friendships/7392877831/followers/?rank_token=44718599386_74cad30a-b9a7-4e5d-83ff-a7dbd91ec1db&max_id=1700 returned response: <Response [200]>
2021-02-10 16:17:31,570 - instabot version: 0.117.0 (api) - DEBUG - GET to endpoint: friendships/7392877831/followers/?rank_token=44718599386_74cad30a-b9a7-4e5d-83ff-a7dbd91ec1db&max_id=1800 returned response: <Response [200]>
2021-02-10 16:17:31,580 - instabot version: 0.117.0 (bot_follow) - INFO - Going to follow 1761 users.
2021-02-10 16:17:31,600 - instabot version: 0.117.0 (bot_follow) - INFO - Going to follow `user_id` 3088984942.
2021-02-10 16:17:31,601 - instabot version: 0.117.0 (api) - DEBUG - post data: {"user_id": "3088984942", "radio_type": "wifi-none", "device_id": "android-fa9bcb28d8c40469", "_uuid": "74cad30a-b9a7-4e5d-83ff-a7dbd91ec1db", "_uid": "44718599386", "_csrftoken": "2cINHC55pAHOER0D2Xk7ljayKYJUYLm4"}
2021-02-10 16:17:32,699 - instabot version: 0.117.0 (api) - DEBUG - POST to endpoint: friendships/create/3088984942/ returned response: <Response [200]>
2021-02-10 16:17:32,700 - instabot version: 0.117.0 (bot_follow) - INFO - Followed `user_id` 3088984942.
2021-02-10 16:17:33,379 - instabot version: 0.117.0 (api) - DEBUG - GET to endpoint: users/44718599386/info/ returned response: <Response [200]>
2021-02-10 16:17:33,926 - instabot version: 0.117.0 (api) - DEBUG - GET to endpoint: friendships/44718599386/following/?max_id=&ig_sig_key_version=4&rank_token=44718599386_74cad30a-b9a7-4e5d-83ff-a7dbd91ec1db returned response: <Response [200]>
2021-02-10 16:17:33,932 - instabot version: 0.117.0 (bot_follow) - INFO - Going to follow `user_id` 1405771669.
2021-02-10 16:20:25,605 - instabot version: 0.117.0 (api) - DEBUG - post data: {"user_id": "1405771669", "radio_type": "wifi-none", "device_id": "android-fa9bcb28d8c40469", "_uuid": "74cad30a-b9a7-4e5d-83ff-a7dbd91ec1db", "_uid": "44718599386", "_csrftoken": "2cINHC55pAHOER0D2Xk7ljayKYJUYLm4"}
2021-02-10 16:20:26,649 - instabot version: 0.117.0 (api) - DEBUG - POST to endpoint: friendships/create/1405771669/ returned response: <Response [200]>
2021-02-10 16:20:26,649 - instabot version: 0.117.0 (bot_follow) - INFO - Followed `user_id` 1405771669.
2021-02-10 16:20:26,670 - instabot version: 0.117.0 (bot_follow) - INFO - Going to follow `user_id` 1746623265.
2021-02-10 16:26:42,230 - instabot version: 0.117.0 (api) - DEBUG - post data: {"user_id": "1746623265", "radio_type": "wifi-none", "device_id": "android-fa9bcb28d8c40469", "_uuid": "74cad30a-b9a7-4e5d-83ff-a7dbd91ec1db", "_uid": "44718599386", "_csrftoken": "2cINHC55pAHOER0D2Xk7ljayKYJUYLm4"}
2021-02-10 16:26:43,453 - instabot version: 0.117.0 (api) - DEBUG - POST to endpoint: friendships/create/1746623265/ returned response: <Response [200]>
2021-02-10 16:26:43,453 - instabot version: 0.117.0 (bot_follow) - INFO - Followed `user_id` 1746623265.
2021-02-10 16:26:43,457 - instabot version: 0.117.0 (bot_follow) - INFO - Going to follow `user_id` 3939998148.
2021-02-10 16:28:47,388 - instabot version: 0.117.0 (api) - DEBUG - post data: {"user_id": "3939998148", "radio_type": "wifi-none", "device_id": "android-fa9bcb28d8c40469", "_uuid": "74cad30a-b9a7-4e5d-83ff-a7dbd91ec1db", "_uid": "44718599386", "_csrftoken": "2cINHC55pAHOER0D2Xk7ljayKYJUYLm4"}
2021-02-10 16:28:48,384 - instabot version: 0.117.0 (api) - DEBUG - POST to endpoint: friendships/create/3939998148/ returned response: <Response [200]>
2021-02-10 16:28:48,384 - instabot version: 0.117.0 (bot_follow) - INFO - Followed `user_id` 3939998148.
2021-02-10 16:28:48,404 - instabot version: 0.117.0 (bot_follow) - INFO - Going to follow `user_id` 3322145766.
2021-02-10 16:33:40,993 - instabot version: 0.117.0 (api) - DEBUG - post data: {"user_id": "3322145766", "radio_type": "wifi-none", "device_id": "android-fa9bcb28d8c40469", "_uuid": "74cad30a-b9a7-4e5d-83ff-a7dbd91ec1db", "_uid": "44718599386", "_csrftoken": "2cINHC55pAHOER0D2Xk7ljayKYJUYLm4"}
2021-02-10 16:33:42,199 - instabot version: 0.117.0 (api) - DEBUG - POST to endpoint: friendships/create/3322145766/ returned response: <Response [200]>
2021-02-10 16:33:42,200 - instabot version: 0.117.0 (bot_follow) - INFO - Followed `user_id` 3322145766.
2021-02-10 16:33:42,213 - instabot version: 0.117.0 (bot_follow) - INFO - Going to follow `user_id` 5575081273.
2021-02-10 16:35:26,430 - instabot version: 0.117.0 (bot_checkpoint) - DEBUG - Saving Checkpoint file to: C:\Users\Nicolas\Documents\Cientifico-Datos-ISPC\Programacion I\Instagram bot/config/lapalmerafc.checkpoint
2021-02-10 16:35:26,432 - instabot version: 0.117.0 (bot) - INFO - Total follows: 5/86
2021-02-10 16:35:26,441 - instabot version: 0.117.0 (bot) - INFO - Total requests: 59
